18:17:50.559 [Test worker] INFO  tests.TestBase - ### Start test loginNegativeTestWrongEmail
18:17:50.563 [Test worker] INFO  manager.MyListener - Start searching element by locator By.xpath: //a[.=' Logout ']
18:18:00.591 [Test worker] INFO  manager.MyListener - The element with locator By.xpath: //a[.=' Logout '] is found
18:18:00.592 [Test worker] INFO  manager.NGListener - Start of the test: loginNegativeTestWrongEmail
18:18:00.594 [Test worker] INFO  manager.MyListener - Start searching element by locator By.xpath: //a[.=' Log in ']
18:18:00.609 [Test worker] INFO  manager.MyListener - The element with locator By.xpath: //a[.=' Log in '] is found
18:18:00.696 [Test worker] INFO  manager.MyListener - Start searching element by locator By.id: email
18:18:00.718 [Test worker] INFO  manager.MyListener - The element with locator By.id: email is found
18:18:00.883 [Test worker] INFO  manager.MyListener - Start searching element by locator By.id: password
18:18:00.908 [Test worker] INFO  manager.MyListener - The element with locator By.id: password is found
18:18:01.047 [Test worker] INFO  manager.MyListener - Start searching element by locator By.cssSelector: [type='submit']
18:18:01.066 [Test worker] INFO  manager.MyListener - The element with locator By.cssSelector: [type='submit'] is found
18:18:01.116 [Test worker] INFO  manager.MyListener - Start searching element by locator By.xpath: //div[.="It'snot look like email"]
18:18:01.146 [Test worker] INFO  manager.MyListener - The element with locator By.xpath: //div[.="It'snot look like email"] is found
18:18:01.195 [Test worker] INFO  manager.MyListener - Start searching element by locator By.xpath: //div[.="It'snot look like email"]
18:18:01.215 [Test worker] INFO  manager.MyListener - The element with locator By.xpath: //div[.="It'snot look like email"] is found
18:18:01.236 [Test worker] INFO  manager.NGListener - Success test: loginNegativeTestWrongEmail
18:18:01.238 [Test worker] INFO  manager.MyListener - Start searching element by locator By.xpath: //button[.='Ok']
18:18:02.334 [Test worker] INFO  manager.MyListener - The element with locator By.xpath: //button[.='Ok'] is found
18:18:02.335 [Test worker] INFO  manager.MyListener - Start searching element by locator By.xpath: //button[.='Ok']
18:18:02.375 [Test worker] INFO  manager.MyListener - The element with locator By.xpath: //button[.='Ok'] is found
18:18:02.442 [Test worker] INFO  tests.TestBase -   ### Finished ###   
18:18:02.443 [Test worker] INFO  tests.TestBase - ### Start test loginPositiveTest
18:18:02.444 [Test worker] INFO  manager.MyListener - Start searching element by locator By.xpath: //a[.=' Logout ']
18:18:12.516 [Test worker] INFO  manager.MyListener - The element with locator By.xpath: //a[.=' Logout '] is found
18:18:12.516 [Test worker] INFO  manager.NGListener - Start of the test: loginPositiveTest
18:18:12.516 [Test worker] INFO  manager.MyListener - Start searching element by locator By.xpath: //a[.=' Log in ']
18:18:12.533 [Test worker] INFO  manager.MyListener - The element with locator By.xpath: //a[.=' Log in '] is found
18:18:12.576 [Test worker] INFO  manager.MyListener - Start searching element by locator By.id: email
18:18:12.598 [Test worker] INFO  manager.MyListener - The element with locator By.id: email is found
18:18:12.804 [Test worker] INFO  manager.MyListener - Start searching element by locator By.id: password
18:18:12.823 [Test worker] INFO  manager.MyListener - The element with locator By.id: password is found
18:18:12.997 [Test worker] INFO  manager.MyListener - Start searching element by locator By.cssSelector: [type='submit']
18:18:13.017 [Test worker] INFO  manager.MyListener - The element with locator By.cssSelector: [type='submit'] is found
18:18:13.050 [Test worker] INFO  manager.MyListener - Start searching element by locator By.xpath: //h2[.='Logged in success']
18:18:13.324 [Test worker] INFO  manager.MyListener - The element with locator By.xpath: //h2[.='Logged in success'] is found
18:18:13.365 [Test worker] INFO  manager.MyListener - Start searching element by locator By.xpath: //h2[.='Logged in success']
18:18:13.388 [Test worker] INFO  manager.MyListener - The element with locator By.xpath: //h2[.='Logged in success'] is found
18:18:13.408 [Test worker] INFO  manager.NGListener - Success test: loginPositiveTest
18:18:13.410 [Test worker] INFO  manager.MyListener - Start searching element by locator By.xpath: //button[.='Ok']
18:18:13.437 [Test worker] INFO  manager.MyListener - The element with locator By.xpath: //button[.='Ok'] is found
18:18:13.437 [Test worker] INFO  manager.MyListener - Start searching element by locator By.xpath: //button[.='Ok']
18:18:13.452 [Test worker] INFO  manager.MyListener - The element with locator By.xpath: //button[.='Ok'] is found
18:18:13.515 [Test worker] INFO  tests.TestBase -   ### Finished ###   
18:18:13.519 [Test worker] INFO  tests.TestBase - ### Start test registrationPositiveTest
18:18:13.520 [Test worker] INFO  manager.MyListener - Start searching element by locator By.xpath: //a[.=' Logout ']
18:18:13.548 [Test worker] INFO  manager.MyListener - The element with locator By.xpath: //a[.=' Logout '] is found
18:18:13.548 [Test worker] INFO  manager.MyListener - Start searching element by locator By.xpath: //a[.=' Logout ']
18:18:13.564 [Test worker] INFO  manager.MyListener - The element with locator By.xpath: //a[.=' Logout '] is found
18:18:13.696 [Test worker] INFO  manager.NGListener - Start of the test: registrationPositiveTest
18:18:13.697 [Test worker] INFO  tests.TestBase - registrationPositiveTest starts with: joe1093@mail.com & $44Dsd97Tre1093
18:18:13.697 [Test worker] INFO  manager.MyListener - Start searching element by locator By.xpath: //a[.=' Sign up ']
18:18:13.723 [Test worker] INFO  manager.MyListener - The element with locator By.xpath: //a[.=' Sign up '] is found
18:18:13.816 [Test worker] INFO  manager.MyListener - Start searching element by locator By.id: name
18:18:13.847 [Test worker] INFO  manager.MyListener - The element with locator By.id: name is found
18:18:14.018 [Test worker] INFO  manager.MyListener - Start searching element by locator By.id: lastName
18:18:14.043 [Test worker] INFO  manager.MyListener - The element with locator By.id: lastName is found
18:18:14.218 [Test worker] INFO  manager.MyListener - Start searching element by locator By.id: email
18:18:14.236 [Test worker] INFO  manager.MyListener - The element with locator By.id: email is found
18:18:14.411 [Test worker] INFO  manager.MyListener - Start searching element by locator By.id: password
18:18:14.430 [Test worker] INFO  manager.MyListener - The element with locator By.id: password is found
18:18:14.559 [Test worker] INFO  manager.MyListener - Start searching element by locator By.xpath: //*[@class='checkbox-container']
18:18:14.587 [Test worker] INFO  manager.MyListener - The element with locator By.xpath: //*[@class='checkbox-container'] is found
18:18:14.870 [Test worker] INFO  manager.MyListener - Start searching element by locator By.cssSelector: [type='submit']
18:18:14.881 [Test worker] INFO  manager.MyListener - The element with locator By.cssSelector: [type='submit'] is found
18:18:14.905 [Test worker] INFO  tests.TestBase - registrationPositiveTest completed
18:18:14.905 [Test worker] INFO  manager.MyListener - Start searching element by locator By.xpath: //h2[.='You are logged in success']
18:18:15.389 [Test worker] INFO  manager.MyListener - The element with locator By.xpath: //h2[.='You are logged in success'] is found
18:18:15.415 [Test worker] INFO  manager.MyListener - Start searching element by locator By.xpath: //h2[.='You are logged in success']
18:18:15.428 [Test worker] INFO  manager.MyListener - The element with locator By.xpath: //h2[.='You are logged in success'] is found
18:18:15.440 [Test worker] INFO  manager.NGListener - Success test: registrationPositiveTest
18:18:15.442 [Test worker] INFO  manager.MyListener - Start searching element by locator By.xpath: //button[.='Ok']
18:18:15.458 [Test worker] INFO  manager.MyListener - The element with locator By.xpath: //button[.='Ok'] is found
18:18:15.458 [Test worker] INFO  manager.MyListener - Start searching element by locator By.xpath: //button[.='Ok']
18:18:15.475 [Test worker] INFO  manager.MyListener - The element with locator By.xpath: //button[.='Ok'] is found
18:18:15.516 [Test worker] INFO  tests.TestBase -   ### Finished ###   
