10:40:36.182 [Test worker] INFO  manager.MyListener - Start searching element by locator By.xpath: //a[.=' Logout ']
10:40:46.223 [Test worker] INFO  manager.MyListener - The element with locator By.xpath: //a[.=' Logout '] is found
10:40:46.225 [Test worker] INFO  manager.MyListener - Start searching element by locator By.xpath: //a[.=' Log in ']
10:40:46.242 [Test worker] INFO  manager.MyListener - The element with locator By.xpath: //a[.=' Log in '] is found
10:40:46.334 [Test worker] INFO  manager.MyListener - Start searching element by locator By.id: emai
10:40:56.367 [Test worker] INFO  manager.MyListener - Something went wrong!
10:40:56.368 [Test worker] INFO  manager.MyListener - no such element: Unable to locate element: {"method":"css selector","selector":"#emai"}
  (Session info: chrome=111.0.5563.147)
For documentation on this error, please visit: https://www.seleniumhq.org/exceptions/no_such_element.html
Build info: version: '3.141.59', revision: 'e82be7d358', time: '2018-11-14T08:17:03'
System info: host: 'DESKTOP-670P0FC', ip: '192.168.1.15', os.name: 'Windows 10', os.arch: 'amd64', os.version: '10.0', java.version: '1.8.0_333'
Driver info: org.openqa.selenium.chrome.ChromeDriver
Capabilities {acceptInsecureCerts: false, browserName: chrome, browserVersion: 111.0.5563.147, chrome: {chromedriverVersion: 111.0.5563.64 (c710e93d5b63..., userDataDir: C:\Users\Max\AppData\Local\...}, goog:chromeOptions: {debuggerAddress: localhost:53399}, javascriptEnabled: true, networkConnectionEnabled: false, pageLoadStrategy: normal, platform: WINDOWS, platformName: WINDOWS, proxy: Proxy(), setWindowRect: true, strictFileInteractability: false, timeouts: {implicit: 0, pageLoad: 300000, script: 30000}, unhandledPromptBehavior: dismiss and notify, webauthn:extension:credBlob: true, webauthn:extension:largeBlob: true, webauthn:extension:minPinLength: true, webauthn:extension:prf: true, webauthn:virtualAuthenticators: true}
Session ID: 106b7b2c7de052af8ee63b61ee2a4aaa
*** Element info: {Using=id, value=emai}
10:40:56.368 [Test worker] INFO  manager.MyListener - no such element: Unable to locate element: {"method":"css selector","selector":"#emai"}
  (Session info: chrome=111.0.5563.147)
For documentation on this error, please visit: https://www.seleniumhq.org/exceptions/no_such_element.html
Build info: version: '3.141.59', revision: 'e82be7d358', time: '2018-11-14T08:17:03'
System info: host: 'DESKTOP-670P0FC', ip: '192.168.1.15', os.name: 'Windows 10', os.arch: 'amd64', os.version: '10.0', java.version: '1.8.0_333'
Driver info: org.openqa.selenium.chrome.ChromeDriver
Capabilities {acceptInsecureCerts: false, browserName: chrome, browserVersion: 111.0.5563.147, chrome: {chromedriverVersion: 111.0.5563.64 (c710e93d5b63..., userDataDir: C:\Users\Max\AppData\Local\...}, goog:chromeOptions: {debuggerAddress: localhost:53399}, javascriptEnabled: true, networkConnectionEnabled: false, pageLoadStrategy: normal, platform: WINDOWS, platformName: WINDOWS, proxy: Proxy(), setWindowRect: true, strictFileInteractability: false, timeouts: {implicit: 0, pageLoad: 300000, script: 30000}, unhandledPromptBehavior: dismiss and notify, webauthn:extension:credBlob: true, webauthn:extension:largeBlob: true, webauthn:extension:minPinLength: true, webauthn:extension:prf: true, webauthn:virtualAuthenticators: true}
Session ID: 106b7b2c7de052af8ee63b61ee2a4aaa
*** Element info: {Using=id, value=emai}
10:40:56.370 [Test worker] INFO  manager.MyListener - Start searching element by locator By.xpath: //button[.='Ok']
10:41:06.437 [Test worker] INFO  manager.MyListener - The element with locator By.xpath: //button[.='Ok'] is found
